[2025-07-02 20:21:07] [INFO] System maintenance started by Bogdan on LAPTOP-BOGDAN
[2025-07-02 20:21:07] [SUCCESS] Environment initialized. Temp folder: C:\Users\Bogdan\OneDrive\Desktop\Projects\Windows\script_mentenanta\SystemMaintenance_Temp
[2025-07-02 20:21:07] [INFO] Creating system restore point...
[2025-07-02 20:21:07] [ERROR] Failed to create restore point: Access denied 
[2025-07-02 20:21:07] [INFO] Change tracked: Completed task: Create Restore Point
[2025-07-02 20:21:07] [INFO] Setting up package managers...
[2025-07-02 20:21:07] [SUCCESS] Winget already installed.
[2025-07-02 20:21:07] [SUCCESS] Chocolatey already installed.
[2025-07-02 20:21:07] [INFO] Change tracked: Completed task: Setup Package Managers
[2025-07-02 20:21:07] [INFO] Removing bloatware applications...
[2025-07-02 20:21:07] [WARNING] Failed to remove Microsoft.3DBuilder: Access is denied.

Access is denied.

[2025-07-02 20:21:07] [WARNING] Failed to remove Microsoft.BingFinance: Access is denied.

Access is denied.

[2025-07-02 20:21:07] [WARNING] Failed to remove Microsoft.BingNews: Access is denied.

Access is denied.

[2025-07-02 20:21:07] [WARNING] Failed to remove Microsoft.BingSports: Access is denied.

Access is denied.

[2025-07-02 20:21:07] [WARNING] Failed to remove Microsoft.BingWeather: Access is denied.

Access is denied.

[2025-07-02 20:21:07] [WARNING] Failed to remove Microsoft.GetHelp: Access is denied.

Access is denied.

[2025-07-02 20:21:07] [WARNING] Failed to remove Microsoft.Getstarted: Access is denied.

Access is denied.

[2025-07-02 20:21:07] [WARNING] Failed to remove Microsoft.MixedReality.Portal: Access is denied.

Access is denied.

[2025-07-02 20:21:07] [WARNING] Failed to remove Microsoft.Microsoft3DViewer: Access is denied.

Access is denied.

[2025-07-02 20:21:07] [WARNING] Failed to remove Microsoft.MicrosoftOfficeHub: Access is denied.

Access is denied.

[2025-07-02 20:21:07] [WARNING] Failed to remove Microsoft.MicrosoftSolitaireCollection: Access is denied.

Access is denied.

[2025-07-02 20:21:07] [WARNING] Failed to remove Microsoft.NetworkSpeedTest: Access is denied.

Access is denied.

[2025-07-02 20:21:07] [WARNING] Failed to remove Microsoft.News: Access is denied.

Access is denied.

[2025-07-02 20:21:07] [WARNING] Failed to remove Microsoft.Office.Sway: Access is denied.

Access is denied.

[2025-07-02 20:21:07] [WARNING] Failed to remove Microsoft.OneConnect: Access is denied.

Access is denied.

[2025-07-02 20:21:07] [WARNING] Failed to remove Microsoft.People: Access is denied.

Access is denied.

[2025-07-02 20:21:07] [WARNING] Failed to remove Microsoft.Print3D: Access is denied.

Access is denied.

[2025-07-02 20:21:07] [WARNING] Failed to remove Microsoft.SkypeApp: Access is denied.

Access is denied.

[2025-07-02 20:21:07] [WARNING] Failed to remove Microsoft.Wallet: Access is denied.

Access is denied.

[2025-07-02 20:21:07] [WARNING] Failed to remove Microsoft.WindowsFeedback: Access is denied.

Access is denied.

[2025-07-02 20:21:07] [WARNING] Failed to remove Microsoft.WindowsMaps: Access is denied.

Access is denied.

[2025-07-02 20:21:07] [WARNING] Failed to remove Microsoft.Xbox.TCUI: Access is denied.

Access is denied.

[2025-07-02 20:21:07] [WARNING] Failed to remove Microsoft.XboxApp: Access is denied.

Access is denied.

[2025-07-02 20:21:07] [WARNING] Failed to remove Microsoft.XboxGameOverlay: Access is denied.

Access is denied.

[2025-07-02 20:21:07] [WARNING] Failed to remove Microsoft.XboxGamingOverlay: Access is denied.

Access is denied.

[2025-07-02 20:21:07] [WARNING] Failed to remove Microsoft.XboxIdentityProvider: Access is denied.

Access is denied.

[2025-07-02 20:21:07] [WARNING] Failed to remove Microsoft.XboxSpeechToTextOverlay: Access is denied.

Access is denied.

[2025-07-02 20:21:07] [WARNING] Failed to remove Microsoft.ZuneMusic: Access is denied.

Access is denied.

[2025-07-02 20:21:07] [WARNING] Failed to remove Microsoft.ZuneVideo: Access is denied.

Access is denied.

[2025-07-02 20:21:07] [WARNING] Failed to remove king.com.*: Access is denied.

Access is denied.

[2025-07-02 20:21:07] [WARNING] Failed to remove CandyCrush*: Access is denied.

Access is denied.

[2025-07-02 20:21:07] [WARNING] Failed to remove Facebook*: Access is denied.

Access is denied.

[2025-07-02 20:21:07] [WARNING] Failed to remove Instagram*: Access is denied.

Access is denied.

[2025-07-02 20:21:07] [WARNING] Failed to remove Twitter*: Access is denied.

Access is denied.

[2025-07-02 20:21:07] [WARNING] Failed to remove TikTok*: Access is denied.

Access is denied.

[2025-07-02 20:21:07] [WARNING] Failed to remove Netflix*: Access is denied.

Access is denied.

[2025-07-02 20:21:07] [SUCCESS] Bloatware removal completed. Removed 0 applications.
[2025-07-02 20:21:07] [INFO] Change tracked: Completed task: Remove Bloatware
[2025-07-02 20:21:07] [INFO] Installing essential applications...
[2025-07-02 20:21:07] [INFO] Installing Google Chrome...
[2025-07-02 20:22:27] [WARNING] Failed to install Google Chrome
[2025-07-02 20:22:27] [INFO] Installing Adobe Acrobat Reader...
[2025-07-02 20:23:39] [WARNING] Failed to install Adobe Acrobat Reader
[2025-07-02 20:23:39] [INFO] Installing 7-Zip...
[2025-07-02 20:24:54] [WARNING] Failed to install 7-Zip
[2025-07-02 20:24:54] [INFO] Installing Notepad++...
[2025-07-02 20:26:08] [WARNING] Failed to install Notepad++
[2025-07-02 20:26:08] [INFO] Installing PowerShell 7...
[2025-07-02 20:27:23] [WARNING] Failed to install PowerShell 7
[2025-07-02 20:27:23] [INFO] Installing Windows Terminal...
[2025-07-02 20:28:37] [WARNING] Failed to install Windows Terminal
[2025-07-02 20:28:37] [SUCCESS] Essential apps installation completed. Installed/Updated 0 applications.
[2025-07-02 20:28:37] [INFO] Change tracked: Completed task: Install Essential Apps
[2025-07-02 20:28:37] [INFO] Updating all installed packages...
[2025-07-02 20:28:37] [INFO] Updating packages via winget...
[2025-07-02 20:28:40] [SUCCESS] Winget updates completed.
[2025-07-02 20:28:40] [INFO] Updating packages via Chocolatey...
[2025-07-02 20:29:01] [SUCCESS] Chocolatey updates completed.
[2025-07-02 20:29:01] [INFO] Change tracked: Completed task: Update All Packages
[2025-07-02 20:29:01] [INFO] Optimizing privacy settings...
[2025-07-02 20:29:02] [SUCCESS] Set AllowTelemetry = 0
[2025-07-02 20:29:02] [SUCCESS] Set AllowTelemetry = 0
[2025-07-02 20:29:02] [SUCCESS] Set TailoredExperiencesWithDiagnosticDataEnabled = 0
[2025-07-02 20:29:02] [INFO] Change tracked: Completed task: Optimize Privacy
[2025-07-02 20:29:02] [INFO] Installing Windows Updates...
